[2023-05-03 21:35:14][INFO] Client request}
[2023-05-24 20:39:24][INFO] Client request - status= undefined
[2023-05-24 20:39:33][INFO] Client request - status= undefined
[2023-05-24 20:41:53][INFO] Client request - status= undefined
[2023-05-24 20:43:47][INFO] Client request - status= undefined
[2023-05-24 20:44:13][INFO] Client request - status= undefined
[2023-05-24 20:44:34][INFO] Client request - status= undefined
[2023-05-24 20:45:13][INFO] Client request - status= undefined
[2023-05-24 20:45:26][INFO] Client request - status= undefined
[2023-05-24 20:45:48][INFO] Client request - status= undefined
[2023-05-24 20:46:05][INFO] Client request - status= undefined
[2023-05-24 20:46:57][INFO] Client request: login - [object Object]
[2023-05-24 20:47:34][INFO] Client request: login - 
[2023-05-24 20:48:41][INFO] Client request: login - {"username":"hung","password":"111"}
[2023-05-24 20:49:27][INFO] Client request: login - {"username":"hung","password":"111"}
[2023-05-24 20:49:39][INFO] Client request: login - {"username":"hungnq","password":"111222"}
[2023-05-24 20:49:47][INFO] Client request: login - {"username":"hungnq","password":"123"}
[2023-05-24 20:50:10][INFO] Client request: login - {"username":"hungnq","password":"111"}
[2023-05-24 20:50:48][INFO] Client request: login - {"username":"hungnq","password":"111"}
[2023-05-24 21:02:45][INFO] Client request: login - {"username":"hungnq","password":"111"}
[2023-05-24 21:03:01][INFO] Client request: login - {"username":"hungnq","password":"123"}
[2023-05-24 22:10:11][INFO] Client request: login - {"username":"hungnq","password":"123"}
[2023-05-24 22:10:23][INFO] Client request: login - {"username":"hungnq","password":"123456"}
[2023-05-24 22:11:57][INFO] Client request: login - {"username":"hungnq","password":"123456"}
[2023-05-24 22:12:12][INFO] Client request: login - {"username":"hungnq","password":"123456"}
[2023-05-24 22:13:23][INFO] Client request: login - {"username":"hungnq","password":"123"}
[2023-05-24 22:59:57][INFO] Client request: login - {"username":"hungnq"}
[2023-05-24 23:12:37][INFO] Client request: login - {"username":"hungnq"}
[2023-05-24 23:33:03][INFO] Client request: login - {"username":"hungnq"}
[2023-05-24 23:33:47][INFO] Client request: login - {"username":"hungnq"}
[2023-05-24 23:40:22][INFO] Client request: registration - {}
[2023-05-24 23:41:31][INFO] Client request: registration - {"username":"hungnq"}
[2023-05-24 23:41:39][INFO] Client request: registration - {"username":"hungnq"}
[2023-05-24 23:41:44][INFO] Client request: login - {"username":"hungnq"}
[2023-05-24 23:42:16][INFO] Client request: registration - {"first_name":"Nguyen","last_name":"Hung","email":"hungnq@cdc.com","user_name":"hungnq","serial_number":"RB23GT1708","avatar_url":"","password":"123345"}
[2023-05-24 23:42:22][INFO] Client request: registration - {"first_name":"Nguyen","last_name":"Hung","email":"hungnq@cdc.com","user_name":"hungnq","serial_number":"RB23GT1708","avatar_url":"","password":"123345"}
[2023-05-24 23:42:29][INFO] Client request: registration - {"first_name":"Nguyen","last_name":"Hung","email":"hungnq@cdc.com","user_name":"hungnq","serial_number":"RB23GT1708","avatar_url":"","password":"123345"}
[2023-05-24 23:43:06][INFO] Client request: registration - {"first_name":"Nguyen","last_name":"Hung","email":"hungnq@cdc.com","user_name":"hungnq","serial_number":"RB23GT1708","avatar_url":"","password":"123345"}
[2023-05-24 23:43:41][INFO] Client request: registration - {"first_name":"Nguyen","last_name":"Hung","email":"hungnq@cdc.com","user_name":"hungnq","serial_number":"RB23GT1708","avatar_url":"","password":"123345"}
[2023-05-24 23:45:15][INFO] Client request: registration - {"first_name":"Nguyen","last_name":"Hung","email":"hungnq@cdc.com","user_name":"hungnq","serial_number":"RB23GT1708","avatar_url":"","password":"123345"}
[2023-05-24 23:46:07][INFO] Client request: registration - {"first_name":"Nguyen","last_name":"Hung","email":"hungnq@cdc.com","user_name":"hungnq","serial_number":"RB23GT1708","avatar_url":"","password":"123345"}
[2023-05-24 23:47:31][INFO] Client request: registration - {"first_name":"Nguyen","last_name":"Hung","email":"hungnq@cdc.com","user_name":"hungnq","serial_number":"RB23GT1708","avatar_url":"","password":"123345"}
[2023-05-24 23:48:45][INFO] Client request: registration - {"first_name":"Nguyen","last_name":"Hung","email":"hungnq@cdc.com","user_name":"hungnq","serial_number":"RB23GT1708","avatar_url":"","password":"123345"}
[2023-05-24 23:49:19][INFO] Client request: registration - {"first_name":"Nguyen","last_name":"Hung","email":"hungnq@cdc.com","user_name":"hungnq","serial_number":"RB23GT1708","avatar_url":"","password":"123345"}
[2023-05-24 23:52:11][INFO] Client request: registration - {"first_name":"Nguyen","last_name":"Hung","email":"hungnq@cdc.com","user_name":"hungnq","serial_number":"RB23GT1708","avatar_url":"","password":"123345"}
[2023-05-24 23:52:28][INFO] Client request: registration - {"first_name":"Nguyen","last_name":"Hung","email":"hungnq@cdc.com","user_name":"hungnq","serial_number":"RB23GT1708","avatar_url":"","password":"123345"}
[2023-05-24 23:53:25][INFO] Client request: registration - {"first_name":"Nguyen","last_name":"Hung","email":"hungnq@cdc.com","user_name":"hungnq","serial_number":"RB23GT1708","avatar_url":"","password":"123345"}
[2023-05-24 23:55:30][INFO] Client request: registration - {"first_name":"Nguyen","last_name":"Hung","email":"hungnq@cdc.com","user_name":"hungnq","serial_number":"RB23GT1708","avatar_url":"","password":"123345"}
[2023-05-24 23:55:44][INFO] Client request: registration - {"first_name":"Nguyen","last_name":"Hung","email":"hungnq@cdc.com","user_name":"hungnq123","serial_number":"RB23GT1708","avatar_url":"","password":"123345"}
[2023-05-24 23:57:10][INFO] Client request: registration - {"first_name":"Nguyen","last_name":"Hung","email":"hungnq@cdc.com","user_name":"hungnq123","serial_number":"RB23GT1708","avatar_url":"","password":"123345"}
[2023-05-25 00:14:36][INFO] Client request: registration - {"first_name":"Nguyen","last_name":"Hung","email":"hungnq@cdc.com","user_name":"hungnq123","serial_number":"RB23GT1708","avatar_url":"","password":"123345"}
[2023-05-25 00:17:27][INFO] Client request: registration - {"first_name":"Nguyen","last_name":"Hung","email":"hungnq@cdc.com","user_name":"hungnq123","serial_number":"RB23GT1708","avatar_url":"","password":"123345"}
[2023-05-25 00:22:04][INFO] Client request: registration - {"first_name":"Nguyen","last_name":"Hung","email":"hungnq@cdc.com","user_name":"hungnq123","serial_number":"RB23GT1708","avatar_url":"","password":"123345"}
[2023-05-25 00:25:17][INFO] Client request: registration - {"first_name":"Nguyen","last_name":"Hung","email":"hungnq@cdc.com","user_name":"hungnq123","serial_number":"RB23GT1708","avatar_url":"","password":"123345"}
[2023-05-25 00:25:42][INFO] Client request: registration - {"first_name":"Nguyen","last_name":"Hung","email":"hungnq@cdc.com","user_name":"hungnq123","serial_number":"RB23GT1708","avatar_url":"","password":"123345"}
[2023-05-25 00:26:25][INFO] Client request: registration - {"first_name":"Nguyen","last_name":"Hung","email":"hungnq@cdc.com","user_name":"hungnq123","serial_number":"RB23GT1708","avatar_url":"","password":"123345"}
[2023-05-25 00:27:47][INFO] Client request: registration - {"first_name":"Nguyen","last_name":"Hung","email":"hungnq@cdc.com","user_name":"hungnq123","serial_number":"RB23GT1708","avatar_url":"","password":"123345"}
[2023-05-25 00:28:24][INFO] Client request: registration - {"first_name":"Nguyen","last_name":"Hung","email":"hungnq@cdc.com","user_name":"hungnq123","serial_number":"RB23GT1708","avatar_url":"","password":"123345"}
[2023-05-25 00:29:04][INFO] Client request: registration - {"first_name":"Nguyen","last_name":"Hung","email":"hungnq@cdc.com","user_name":"hungnq123","serial_number":"RB23GT1708","avatar_url":"","password":"123345"}
[2023-05-25 00:29:48][INFO] Client request: registration - {"first_name":"Nguyen","last_name":"Hung","email":"hungnq@cdc.com","user_name":"hungnq123","serial_number":"RB23GT1708","avatar_url":"","password":"123345"}
[2023-05-25 00:33:00][INFO] Client request: registration - {"first_name":"Nguyen","last_name":"Hung","email":"hungnq@cdc.com","user_name":"hungnq123","serial_number":"RB23GT1708","avatar_url":"","password":"123345"}
[2023-05-25 00:33:17][INFO] Client request: registration - {"first_name":"Nguyen","last_name":"Hung","email":"hungnq@cdc.com","user_name":"hungnq123","serial_number":"RB23GT1708","avatar_url":"","password":"123345"}
[2023-05-25 00:33:41][INFO] Client request: registration - {"first_name":"Nguyen","last_name":"Hung","email":"hungnq@cdc.com","user_name":"hungnq123","serial_number":"RB23GT1708","avatar_url":"","password":"123345"}
[2023-05-25 00:36:26][INFO] Client request: registration - {"first_name":"Nguyen","last_name":"Hung","email":"hungnq@cdc.com","user_name":"hungnq123","serial_number":"RB23GT1708","avatar_url":"","password":"123345"}
[2023-05-25 00:36:47][INFO] Client request: registration - {"first_name":"Nguyen","last_name":"Hung","email":"hungnq@cdc.com","user_name":"hungnq123","serial_number":"RB23GT1708","avatar_url":"","password":"123345"}
[2023-05-25 00:38:11][INFO] Client request: registration - {"first_name":"Nguyen","last_name":"Hung","email":"hungnq@cdc.com","user_name":"hungnq123","serial_number":"RB23GT1708","avatar_url":"","password":"123345"}
[2023-05-29 09:51:55][INFO] Client request: login - {"owner_uuid":"123e4567-e89b-12d3-a456-426655440000"}
[2023-05-29 09:52:48][INFO] Client request: login - {"owner_uuid":"123e4567-e89b-12d3-a456-426655440000"}
[2023-05-29 10:01:19][INFO] Client request: login - {"owner_uuid":"b8950f09-50dc-4269-baea-6594e993e9a2"}
[2023-05-29 10:02:28][INFO] Client request: login - {"owner_uuid":"b8950f09-50dc-4269-baea-6594e993e9a2"}
[2023-05-29 10:06:00][INFO] Client request: login - {"owner_uuid":"123e4567-e89b-12d3-a456-426655440000"}
[2023-05-29 10:07:29][INFO] Client request: login - {"owner_uuid":"123e4567-e89b-12d3-a456-426655440000"}
[2023-05-29 10:07:35][INFO] Client request: login - {"owner_uuid":"b8950f09-50dc-4269-baea-6594e993e9a2"}
[2023-05-29 10:09:01][INFO] Client request: login - {"owner_uuid":"b8950f09"}
[2023-05-29 10:09:10][INFO] Client request: login - {"owner_uuid":"b8950f09-50dc-4269-baea-6594e993e9a2"}
[2023-05-29 10:12:06][INFO] Client request: login - {"owner_uuid":"b8950f09-50dc-4269-baea-6594e993e9a2"}
[2023-06-08 15:41:09][INFO] Client request: getListRoom - {"owner_uuid":"04636183-5a43-4a00-b336-8ca43c71e878"}
[2023-06-08 15:41:09][INFO] Client request: getDeviceInfo - {"serial_number":"RB23GD0002"}
[2023-06-08 15:43:13][INFO] Client request: logout - {"uuid":"04636183-5a43-4a00-b336-8ca43c71e878"}
[2023-06-08 15:43:19][INFO] Client request: login - {"username":"huyenanh","password":"1234"}
[2023-06-08 15:43:19][INFO] Client request: getListRoom - {"owner_uuid":"e78227e0-135d-4780-ba2c-638e84ecb058"}
[2023-06-08 15:43:19][INFO] Client request: getDeviceInfo - {"serial_number":"RB23GD0001"}
[2023-06-08 15:43:34][INFO] Client request: logout - {"uuid":"e78227e0-135d-4780-ba2c-638e84ecb058"}
[2023-06-08 15:43:40][INFO] Client request: login - {"username":"hungnq123","password":"123456"}
[2023-06-08 15:43:41][INFO] Client request: getDeviceInfo - {"serial_number":"RB23GD1708"}
[2023-06-08 15:43:41][INFO] Client request: getListRoom - {"owner_uuid":"12c94f41-0c3c-4a1e-914c-212565d17695"}
[6/8/2023, 4:29:53 PM][INFO] Client request: getListRoom - {"owner_uuid":"12c94f41-0c3c-4a1e-914c-212565d17695"}
[6/8/2023, 4:30:28 PM][INFO] Client request: getListRoom - {"owner_uuid":"12c94f41-0c3c-4a1e-914c-212565d17695"}
[6/8/2023, 4:30:50 PM][INFO] Client request: getListRoom - {"owner_uuid":"12c94f41-0c3c-4a1e-914c-212565d17695"}
[6/13/2023, 10:15:55 AM][INFO] Client request: getListRoom - {"owner_uuid":"ce2a1ebb-5221-40bf-af65-e1ee152cb755"}
[6/13/2023, 10:15:56 AM][INFO] Client request: getDeviceInfo - {"serial_number":"RB23GD0002"}
[6/13/2023, 10:16:06 AM][ERROR] Failed connection to mysql database. Error: connect ETIMEDOUT
[6/13/2023, 10:16:06 AM][ERROR] Failed connection to mysql database. Error: connect ETIMEDOUT
[6/13/2023, 10:17:44 AM][INFO] Client request: getListRoom - {"owner_uuid":"ce2a1ebb-5221-40bf-af65-e1ee152cb755"}
[6/13/2023, 10:17:44 AM][INFO] Client request: getDeviceInfo - {"serial_number":"RB23GD0002"}
[6/13/2023, 10:17:54 AM][ERROR] Failed connection to mysql database. Error: connect ETIMEDOUT
[6/13/2023, 10:17:54 AM][ERROR] Failed connection to mysql database. Error: connect ETIMEDOUT
[6/13/2023, 10:19:00 AM][INFO] Client request: getListRoom - {"owner_uuid":"ce2a1ebb-5221-40bf-af65-e1ee152cb755"}
[6/13/2023, 10:19:00 AM][INFO] Client request: getDeviceInfo - {"serial_number":"RB23GD0002"}
[6/13/2023, 10:19:00 AM][ERROR] Failed connection to mysql database. Error: self signed certificate in certificate chain
[6/13/2023, 10:19:00 AM][ERROR] Failed connection to mysql database. Error: self signed certificate in certificate chain
[6/13/2023, 10:20:17 AM][INFO] Client request: getListRoom - {"owner_uuid":"ce2a1ebb-5221-40bf-af65-e1ee152cb755"}
[6/13/2023, 10:20:17 AM][INFO] Client request: getDeviceInfo - {"serial_number":"RB23GD0002"}
[6/13/2023, 10:20:27 AM][INFO] Client request: logout - {"uuid":"ce2a1ebb-5221-40bf-af65-e1ee152cb755"}
[6/13/2023, 10:20:45 AM][INFO] Client request: login - {"username":"hungnq123","password":"123456"}
[6/13/2023, 10:20:45 AM][INFO] Client request: getDeviceInfo - {"serial_number":"RB23GD1708"}
[6/13/2023, 10:20:45 AM][INFO] Client request: getListRoom - {"owner_uuid":"12c94f41-0c3c-4a1e-914c-212565d17695"}
[6/13/2023, 10:21:38 AM][INFO] Client request: getDeviceInfo - {"serial_number":"RB23GD1708"}
[6/13/2023, 10:21:38 AM][INFO] Client request: getListRoom - {"owner_uuid":"12c94f41-0c3c-4a1e-914c-212565d17695"}
[6/13/2023, 10:24:24 AM][INFO] Client request: getListRoom - {"owner_uuid":"12c94f41-0c3c-4a1e-914c-212565d17695"}
[6/13/2023, 10:24:24 AM][INFO] Client request: getDeviceInfo - {"serial_number":"RB23GD1708"}
[6/13/2023, 11:14:19 AM][INFO] Client request: login - {"username":"hungnq123","password":"123456"}
[6/13/2023, 11:14:20 AM][INFO] Client request: getDeviceInfo - {"serial_number":"RB23GD1708"}
[6/13/2023, 11:14:20 AM][INFO] Client request: getListRoom - {"owner_uuid":"12c94f41-0c3c-4a1e-914c-212565d17695"}
[6/13/2023, 11:32:35 AM][INFO] Client request: getDeviceInfo - {"serial_number":"RB23GD1708"}
[6/13/2023, 11:32:35 AM][INFO] Client request: getListRoom - {"owner_uuid":"12c94f41-0c3c-4a1e-914c-212565d17695"}
[6/13/2023, 11:36:09 AM][INFO] Client request: getListRoom - {"owner_uuid":"12c94f41-0c3c-4a1e-914c-212565d17695"}
[6/13/2023, 11:36:09 AM][INFO] Client request: getDeviceInfo - {"serial_number":"RB23GD1708"}
[6/13/2023, 11:42:24 AM][INFO] Client request: getDeviceInfo - {"serial_number":"RB23GD1708"}
[6/13/2023, 11:42:24 AM][INFO] Client request: getListRoom - {"owner_uuid":"12c94f41-0c3c-4a1e-914c-212565d17695"}
[6/13/2023, 11:44:04 AM][INFO] Client request: getDeviceInfo - {"serial_number":"RB23GD1708"}
[6/13/2023, 11:44:04 AM][INFO] Client request: getListRoom - {"owner_uuid":"12c94f41-0c3c-4a1e-914c-212565d17695"}
[6/13/2023, 11:45:30 AM][INFO] Client request: getDeviceInfo - {"serial_number":"RB23GD1708"}
[6/13/2023, 11:45:30 AM][INFO] Client request: getListRoom - {"owner_uuid":"12c94f41-0c3c-4a1e-914c-212565d17695"}
[6/13/2023, 11:53:07 AM][INFO] Client request: getDeviceInfo - {"serial_number":"RB23GD1708"}
[6/13/2023, 11:53:07 AM][INFO] Client request: getListRoom - {"owner_uuid":"12c94f41-0c3c-4a1e-914c-212565d17695"}
[6/13/2023, 12:55:00 PM][INFO] Client request: getDeviceInfo - {"serial_number":"RB23GD1708"}
[6/13/2023, 12:55:00 PM][INFO] Client request: getListRoom - {"owner_uuid":"12c94f41-0c3c-4a1e-914c-212565d17695"}
[6/13/2023, 1:15:06 PM][INFO] Client request: getListRoom - {"owner_uuid":"12c94f41-0c3c-4a1e-914c-212565d17695"}
[6/13/2023, 1:15:06 PM][INFO] Client request: getDeviceInfo - {"serial_number":"RB23GD1708"}
[6/13/2023, 1:15:39 PM][INFO] Client request: getListRoom - {"owner_uuid":"12c94f41-0c3c-4a1e-914c-212565d17695"}
[6/13/2023, 1:15:39 PM][INFO] Client request: getDeviceInfo - {"serial_number":"RB23GD1708"}
[6/13/2023, 1:16:54 PM][INFO] Client request: getListRoom - {"owner_uuid":"12c94f41-0c3c-4a1e-914c-212565d17695"}
[6/13/2023, 1:16:54 PM][INFO] Client request: getDeviceInfo - {"serial_number":"RB23GD1708"}
[6/13/2023, 1:27:17 PM][INFO] Client request: getDeviceInfo - {"serial_number":"RB23GD1708"}
[6/13/2023, 1:27:17 PM][INFO] Client request: getListRoom - {"owner_uuid":"12c94f41-0c3c-4a1e-914c-212565d17695"}
[6/13/2023, 1:27:28 PM][INFO] Client request: getListRoom - {"owner_uuid":"12c94f41-0c3c-4a1e-914c-212565d17695"}
[6/13/2023, 1:27:28 PM][INFO] Client request: getDeviceInfo - {"serial_number":"RB23GD1708"}
[6/14/2023, 11:32:01 AM][INFO] Client request: deleteRoom - {}
[6/14/2023, 11:32:52 AM][INFO] Client request: ping_firebase - {}
[6/14/2023, 11:33:15 AM][INFO] Client request: ping_firebase - {}
[6/14/2023, 11:33:40 AM][INFO] Client request: push_notification - {"registrationToken":"dJOShBouRW2Mj6ISocM3WE:APA91bFZUzGhzdwSghMITo_Yqbj4c4YTVAjuUWRmJIiZpQFnC_LPzP3hgEslyyNMlfdj4u6g-BHc5CqpjwMtR8o6TERQUAbtY3TOcPeTt7wSA9980beJUY9RfJwGjLB8Qxkb_1bHH6W6"}
[6/14/2023, 2:17:01 PM][INFO] Client request: login - {"username":"hungnq123","password":"123456"}
[6/14/2023, 2:20:46 PM][INFO] Client request: login - {"username":"hungnq123","password":"123456"}
[6/14/2023, 2:20:56 PM][ERROR] Failed connection to mysql database. Error: connect ETIMEDOUT
[6/14/2023, 2:36:19 PM][ERROR] Failed connection to mysql database. Error: connect ETIMEDOUT
[6/14/2023, 2:37:32 PM][ERROR] Failed connection to mysql database. Error: connect ETIMEDOUT
[6/14/2023, 2:41:10 PM][ERROR] Failed connection to mysql database. Error: connect ETIMEDOUT
[6/14/2023, 2:42:34 PM][ERROR] Failed connection to mysql database. Error: connect ETIMEDOUT
[6/14/2023, 2:46:08 PM][ERROR] Failed connection to mysql database. Error: connect ETIMEDOUT
[6/14/2023, 2:51:08 PM][ERROR] Failed connection to mysql database. Error: connect ETIMEDOUT
[6/14/2023, 2:51:55 PM][ERROR] Failed connection to mysql database. Error: connect ETIMEDOUT
[6/14/2023, 2:56:51 PM][ERROR] Failed connection to mysql database. Error: connect ETIMEDOUT
[6/14/2023, 3:01:04 PM][ERROR] Failed connection to mysql database. Error: connect ETIMEDOUT
[6/14/2023, 3:02:08 PM][ERROR] Failed connection to mysql database. Error: connect ETIMEDOUT
[6/14/2023, 3:13:53 PM][INFO] Client request: ping_firebase - {}
[6/14/2023, 3:14:45 PM][INFO] Client request: ping_firebase - {}
[6/14/2023, 3:24:15 PM][INFO] Client request: logout - {"uuid":"e78227e0-135d-4780-ba2c-638e84ecb058"}
[6/14/2023, 3:24:25 PM][INFO] Client request: login - {"username":"hungnq123","password":"123456"}
[6/14/2023, 3:24:26 PM][INFO] Client request: getListRoom - {"owner_uuid":"12c94f41-0c3c-4a1e-914c-212565d17695"}
[6/14/2023, 3:24:26 PM][INFO] Client request: getDeviceInfo - {"serial_number":"RB23GD1708"}
[6/14/2023, 3:34:06 PM][INFO] Client request: logout - {"uuid":"12c94f41-0c3c-4a1e-914c-212565d17695"}
[6/14/2023, 3:34:13 PM][INFO] Client request: login - {"username":"hungnq123","password":"123456"}
[6/14/2023, 3:51:57 PM][INFO] Client request: login - {"username":"hungnq123","password":"123456","firebaseToken":null}
[6/14/2023, 3:53:28 PM][INFO] Client request: login - {"username":"hungnq123","password":"123456","firebaseToken":null}
[6/14/2023, 3:53:57 PM][INFO] Client request: login - {"username":"hungnguyen123","password":"123456","firebaseToken":"epNu_A6ka0har36-tIPwkw:APA91bEOshpJ9Mfsda5c1QeIo0g-gHnlz90--IJWkovX5Y-wzhxfZujugk7qKMs3GCLDrFSdZSW-p2Ij-OIRTPHArXDtqDS5BgeC0zykAU_BGd0Od1botgi5aY4fIuwuPaZyvEnjUaGx"}
[6/14/2023, 3:54:40 PM][INFO] Client request: login - {"username":"hungnguyen123","password":"123456","firebase_token":"epNu_A6ka0har36-tIPwkw:APA91bEOshpJ9Mfsda5c1QeIo0g-gHnlz90--IJWkovX5Y-wzhxfZujugk7qKMs3GCLDrFSdZSW-p2Ij-OIRTPHArXDtqDS5BgeC0zykAU_BGd0Od1botgi5aY4fIuwuPaZyvEnjUaGx"}
[6/14/2023, 3:58:09 PM][INFO] Client request: login - {"username":"hungnguyen123","password":"123456","firebase_token":"epNu_A6ka0har36-tIPwkw:APA91bEOshpJ9Mfsda5c1QeIo0g-gHnlz90--IJWkovX5Y-wzhxfZujugk7qKMs3GCLDrFSdZSW-p2Ij-OIRTPHArXDtqDS5BgeC0zykAU_BGd0Od1botgi5aY4fIuwuPaZyvEnjUaGx"}
[6/14/2023, 3:58:20 PM][INFO] Client request: login - {"username":"hungnq123","password":"123456","firebase_token":"epNu_A6ka0har36-tIPwkw:APA91bEOshpJ9Mfsda5c1QeIo0g-gHnlz90--IJWkovX5Y-wzhxfZujugk7qKMs3GCLDrFSdZSW-p2Ij-OIRTPHArXDtqDS5BgeC0zykAU_BGd0Od1botgi5aY4fIuwuPaZyvEnjUaGx"}
[6/14/2023, 3:59:04 PM][INFO] Client request: login - {"username":"hungnq123","password":"123456","firebase_token":"epNu_A6ka0har36-tIPwkw:APA91bEOshpJ9Mfsda5c1QeIo0g-gHnlz90--IJWkovX5Y-wzhxfZujugk7qKMs3GCLDrFSdZSW-p2Ij-OIRTPHArXDtqDS5BgeC0zykAU_BGd0Od1botgi5aY4fIuwuPaZyvEnjUaGx"}
[6/14/2023, 3:59:42 PM][INFO] Client request: login - {"username":"hungnq123","password":"123456","firebase_token":"epNu_A6ka0har36-tIPwkw:APA91bEOshpJ9Mfsda5c1QeIo0g-gHnlz90--IJWkovX5Y-wzhxfZujugk7qKMs3GCLDrFSdZSW-p2Ij-OIRTPHArXDtqDS5BgeC0zykAU_BGd0Od1botgi5aY4fIuwuPaZyvEnjUaGx"}
[6/14/2023, 3:59:59 PM][INFO] Client request: login - {"username":"hungnq123","password":"123456","firebase_token":"epNu_A6ka0har36-tIPwkw:APA91bEOshpJ9Mfsda5c1QeIo0g-gHnlz90--IJWkovX5Y-wzhxfZujugk7qKMs3GCLDrFSdZSW-p2Ij-OIRTPHArXDtqDS5BgeC0zykAU_BGd0Od1botgi5aY4fIuwuPaZyvEnjUaGx"}
[6/14/2023, 4:00:43 PM][INFO] Client request: login - {"username":"hungnq123","password":"123456","firebase_token":"epNu_A6ka0har36-tIPwkw:APA91bEOshpJ9Mfsda5c1QeIo0g-gHnlz90--IJWkovX5Y-wzhxfZujugk7qKMs3GCLDrFSdZSW-p2Ij-OIRTPHArXDtqDS5BgeC0zykAU_BGd0Od1botgi5aY4fIuwuPaZyvEnjUaGx"}
[6/14/2023, 4:05:54 PM][INFO] Client request: login - {"username":"hungnq123","password":"123456","firebase_token":"epNu_A6ka0har36-tIPwkw:APA91bEOshpJ9Mfsda5c1QeIo0g-gHnlz90--IJWkovX5Y-wzhxfZujugk7qKMs3GCLDrFSdZSW-p2Ij-OIRTPHArXDtqDS5BgeC0zykAU_BGd0Od1botgi5aY4fIuwuPaZyvEnjUaGx"}
[6/14/2023, 4:06:20 PM][INFO] Client request: login - {"username":"hungnq123","password":"123456","firebase_token":"epNu_A6ka0har36-tIPwkw:APA91bEOshpJ9Mfsda5c1QeIo0g-gHnlz90--IJWkovX5Y-wzhxfZujugk7qKMs3GCLDrFSdZSW-p2Ij-OIRTPHArXDtqDS5BgeC0zykAU_BGd0Od1botgi5aY4fIuwuPaZyvEnjUaGx"}
[6/14/2023, 4:07:20 PM][INFO] Client request: login - {"username":"hungnq123","password":"123456","firebase_token":"epNu_A6ka0har36-tIPwkw:APA91bEOshpJ9Mfsda5c1QeIo0g-gHnlz90--IJWkovX5Y-wzhxfZujugk7qKMs3GCLDrFSdZSW-p2Ij-OIRTPHArXDtqDS5BgeC0zykAU_BGd0Od1botgi5aY4fIuwuPaZyvEnjUaGx"}
[6/14/2023, 4:07:57 PM][INFO] Client request: login - {"username":"hungnq123","password":"123456","firebase_token":"epNu_A6ka0har36-tIPwkw:APA91bEOshpJ9Mfsda5c1QeIo0g-gHnlz90--IJWkovX5Y-wzhxfZujugk7qKMs3GCLDrFSdZSW-p2Ij-OIRTPHArXDtqDS5BgeC0zykAU_BGd0Od1botgi5aY4fIuwuPaZyvEnjUaGx"}
[6/14/2023, 4:07:58 PM][INFO] Client request: getDeviceInfo - {"serial_number":"RB23GD1708"}
[6/14/2023, 4:07:58 PM][INFO] Client request: getListRoom - {"owner_uuid":"12c94f41-0c3c-4a1e-914c-212565d17695"}
[6/14/2023, 4:09:14 PM][INFO] Client request: logout - {"uuid":"12c94f41-0c3c-4a1e-914c-212565d17695"}
[6/14/2023, 4:09:23 PM][INFO] Client request: login - {"username":"hungnq123","password":"123456","firebase_token":null}
[6/14/2023, 4:10:14 PM][INFO] Client request: login - {"username":"hungnq123","password":"123456","firebase_token":"epNu_A6ka0har36-tIPwkw:APA91bEOshpJ9Mfsda5c1QeIo0g-gHnlz90--IJWkovX5Y-wzhxfZujugk7qKMs3GCLDrFSdZSW-p2Ij-OIRTPHArXDtqDS5BgeC0zykAU_BGd0Od1botgi5aY4fIuwuPaZyvEnjUaGx"}
[6/14/2023, 4:10:15 PM][INFO] Client request: getListRoom - {"owner_uuid":"12c94f41-0c3c-4a1e-914c-212565d17695"}
[6/14/2023, 4:10:15 PM][INFO] Client request: getDeviceInfo - {"serial_number":"RB23GD1708"}
[6/14/2023, 4:15:11 PM][INFO] Client request: logout - {"uuid":"12c94f41-0c3c-4a1e-914c-212565d17695"}
[6/14/2023, 4:18:27 PM][INFO] Client request: login - {"username":"hungnq123","password":"123456","firebase_token":"epNu_A6ka0har36-tIPwkw:APA91bEOshpJ9Mfsda5c1QeIo0g-gHnlz90--IJWkovX5Y-wzhxfZujugk7qKMs3GCLDrFSdZSW-p2Ij-OIRTPHArXDtqDS5BgeC0zykAU_BGd0Od1botgi5aY4fIuwuPaZyvEnjUaGx"}
[6/14/2023, 4:18:28 PM][INFO] Client request: getListRoom - {"owner_uuid":"12c94f41-0c3c-4a1e-914c-212565d17695"}
[6/14/2023, 4:18:28 PM][INFO] Client request: getDeviceInfo - {"serial_number":"RB23GD1708"}
[6/14/2023, 4:18:36 PM][INFO] Client request: logout - {"uuid":"12c94f41-0c3c-4a1e-914c-212565d17695"}
[6/14/2023, 4:18:44 PM][INFO] Client request: login - {"username":"huyenanh","password":"1234","firebase_token":"epNu_A6ka0har36-tIPwkw:APA91bEOshpJ9Mfsda5c1QeIo0g-gHnlz90--IJWkovX5Y-wzhxfZujugk7qKMs3GCLDrFSdZSW-p2Ij-OIRTPHArXDtqDS5BgeC0zykAU_BGd0Od1botgi5aY4fIuwuPaZyvEnjUaGx"}
[6/14/2023, 4:18:45 PM][INFO] Client request: getListRoom - {"owner_uuid":"e78227e0-135d-4780-ba2c-638e84ecb058"}
[6/14/2023, 4:18:45 PM][INFO] Client request: getDeviceInfo - {"serial_number":"RB23GD0001"}
[6/14/2023, 4:18:57 PM][INFO] Client request: logout - {"uuid":"e78227e0-135d-4780-ba2c-638e84ecb058"}
[6/14/2023, 4:19:06 PM][INFO] Client request: login - {"username":"hungnq123","password":"123456","firebase_token":"epNu_A6ka0har36-tIPwkw:APA91bEOshpJ9Mfsda5c1QeIo0g-gHnlz90--IJWkovX5Y-wzhxfZujugk7qKMs3GCLDrFSdZSW-p2Ij-OIRTPHArXDtqDS5BgeC0zykAU_BGd0Od1botgi5aY4fIuwuPaZyvEnjUaGx"}
[6/14/2023, 4:19:07 PM][INFO] Client request: getDeviceInfo - {"serial_number":"RB23GD1708"}
[6/14/2023, 4:19:07 PM][INFO] Client request: getListRoom - {"owner_uuid":"12c94f41-0c3c-4a1e-914c-212565d17695"}
[6/14/2023, 4:20:05 PM][INFO] Client request: getDeviceInfo - {"serial_number":"RB23GD1708"}
[6/14/2023, 4:20:05 PM][INFO] Client request: getListRoom - {"owner_uuid":"12c94f41-0c3c-4a1e-914c-212565d17695"}
[6/14/2023, 4:20:22 PM][INFO] Client request: logout - {"uuid":"12c94f41-0c3c-4a1e-914c-212565d17695"}
[6/14/2023, 4:20:27 PM][INFO] Client request: login - {"username":"hungnq","password":"123","firebase_token":"epNu_A6ka0har36-tIPwkw:APA91bEOshpJ9Mfsda5c1QeIo0g-gHnlz90--IJWkovX5Y-wzhxfZujugk7qKMs3GCLDrFSdZSW-p2Ij-OIRTPHArXDtqDS5BgeC0zykAU_BGd0Od1botgi5aY4fIuwuPaZyvEnjUaGx"}
[6/14/2023, 4:20:27 PM][INFO] Client request: getDeviceInfo - {"serial_number":"RB23GT1708"}
[6/14/2023, 4:20:27 PM][INFO] Client request: getListRoom - {"owner_uuid":"123e4567-e89b-12d3-a456-426655444785"}
[6/14/2023, 4:23:31 PM][INFO] Client request: logout - {"uuid":"123e4567-e89b-12d3-a456-426655444785"}
[6/14/2023, 4:23:40 PM][INFO] Client request: login - {"username":"hungnq123","password":"123456","firebase_token":"epNu_A6ka0har36-tIPwkw:APA91bEOshpJ9Mfsda5c1QeIo0g-gHnlz90--IJWkovX5Y-wzhxfZujugk7qKMs3GCLDrFSdZSW-p2Ij-OIRTPHArXDtqDS5BgeC0zykAU_BGd0Od1botgi5aY4fIuwuPaZyvEnjUaGx"}
[6/14/2023, 4:23:41 PM][INFO] Client request: getDeviceInfo - {"serial_number":"RB23GD1708"}
[6/14/2023, 4:23:41 PM][INFO] Client request: getListRoom - {"owner_uuid":"12c94f41-0c3c-4a1e-914c-212565d17695"}
[6/14/2023, 4:23:57 PM][INFO] Client request: logout - {"uuid":"12c94f41-0c3c-4a1e-914c-212565d17695"}
[6/14/2023, 4:24:15 PM][INFO] Client request: login - {"username":"hungnq","password":"123","firebase_token":"epNu_A6ka0har36-tIPwkw:APA91bEOshpJ9Mfsda5c1QeIo0g-gHnlz90--IJWkovX5Y-wzhxfZujugk7qKMs3GCLDrFSdZSW-p2Ij-OIRTPHArXDtqDS5BgeC0zykAU_BGd0Od1botgi5aY4fIuwuPaZyvEnjUaGx"}
[6/14/2023, 4:24:16 PM][INFO] Client request: getDeviceInfo - {"serial_number":"RB23GT1708"}
[6/14/2023, 4:24:16 PM][INFO] Client request: getListRoom - {"owner_uuid":"123e4567-e89b-12d3-a456-426655444785"}
[6/14/2023, 4:24:25 PM][INFO] Client request: getListRoom - {"owner_uuid":"123e4567-e89b-12d3-a456-426655444785"}
[6/14/2023, 4:24:25 PM][INFO] Client request: getDeviceInfo - {"serial_number":"RB23GT1708"}
[6/14/2023, 4:25:14 PM][INFO] Client request: logout - {"uuid":"123e4567-e89b-12d3-a456-426655444785"}
[6/14/2023, 4:25:24 PM][INFO] Client request: login - {"username":"dieulinh","password":"qaz123","firebase_token":"epNu_A6ka0har36-tIPwkw:APA91bEOshpJ9Mfsda5c1QeIo0g-gHnlz90--IJWkovX5Y-wzhxfZujugk7qKMs3GCLDrFSdZSW-p2Ij-OIRTPHArXDtqDS5BgeC0zykAU_BGd0Od1botgi5aY4fIuwuPaZyvEnjUaGx"}
[6/14/2023, 4:25:25 PM][INFO] Client request: getDeviceInfo - {"serial_number":"RB23GD0002"}
[6/14/2023, 4:25:25 PM][INFO] Client request: getListRoom - {"owner_uuid":"ce2a1ebb-5221-40bf-af65-e1ee152cb755"}
[6/14/2023, 4:25:33 PM][INFO] Client request: getListRoom - {"owner_uuid":"ce2a1ebb-5221-40bf-af65-e1ee152cb755"}
[6/14/2023, 4:25:33 PM][INFO] Client request: getDeviceInfo - {"serial_number":"RB23GD0002"}
[6/14/2023, 4:33:14 PM][INFO] Client request: logout - {"uuid":"ce2a1ebb-5221-40bf-af65-e1ee152cb755"}
[6/14/2023, 4:33:31 PM][INFO] Client request: login - {"username":"hungnq123","password":"123456","firebase_token":"epNu_A6ka0har36-tIPwkw:APA91bEOshpJ9Mfsda5c1QeIo0g-gHnlz90--IJWkovX5Y-wzhxfZujugk7qKMs3GCLDrFSdZSW-p2Ij-OIRTPHArXDtqDS5BgeC0zykAU_BGd0Od1botgi5aY4fIuwuPaZyvEnjUaGx"}
[6/14/2023, 4:33:32 PM][INFO] Client request: getDeviceInfo - {"serial_number":"RB23GD1708"}
[6/14/2023, 4:33:32 PM][INFO] Client request: getListRoom - {"owner_uuid":"12c94f41-0c3c-4a1e-914c-212565d17695"}
[6/14/2023, 4:34:57 PM][INFO] Client request: logout - {"uuid":"12c94f41-0c3c-4a1e-914c-212565d17695"}
[6/14/2023, 4:35:25 PM][INFO] Client request: login - {"username":"hungnq123","password":"123456","firebase_token":"epNu_A6ka0har36-tIPwkw:APA91bEOshpJ9Mfsda5c1QeIo0g-gHnlz90--IJWkovX5Y-wzhxfZujugk7qKMs3GCLDrFSdZSW-p2Ij-OIRTPHArXDtqDS5BgeC0zykAU_BGd0Od1botgi5aY4fIuwuPaZyvEnjUaGx"}
[6/14/2023, 4:35:26 PM][INFO] Client request: getListRoom - {"owner_uuid":"12c94f41-0c3c-4a1e-914c-212565d17695"}
[6/14/2023, 4:35:26 PM][INFO] Client request: getDeviceInfo - {"serial_number":"RB23GD1708"}
[6/14/2023, 4:36:21 PM][INFO] Client request: logout - {"uuid":"12c94f41-0c3c-4a1e-914c-212565d17695"}
[6/14/2023, 4:36:28 PM][INFO] Client request: login - {"username":"hungnq123","password":"123456","firebase_token":"epNu_A6ka0har36-tIPwkw:APA91bEOshpJ9Mfsda5c1QeIo0g-gHnlz90--IJWkovX5Y-wzhxfZujugk7qKMs3GCLDrFSdZSW-p2Ij-OIRTPHArXDtqDS5BgeC0zykAU_BGd0Od1botgi5aY4fIuwuPaZyvEnjUaGx"}
[6/14/2023, 4:36:29 PM][INFO] Client request: getListRoom - {"owner_uuid":"12c94f41-0c3c-4a1e-914c-212565d17695"}
[6/14/2023, 4:36:29 PM][INFO] Client request: getDeviceInfo - {"serial_number":"RB23GD1708"}
[6/14/2023, 4:44:31 PM][INFO] Client request: logout - {"uuid":"12c94f41-0c3c-4a1e-914c-212565d17695"}
[6/14/2023, 4:44:37 PM][INFO] Client request: login - {"username":"huyenanh","password":"1234","firebase_token":"epNu_A6ka0har36-tIPwkw:APA91bEOshpJ9Mfsda5c1QeIo0g-gHnlz90--IJWkovX5Y-wzhxfZujugk7qKMs3GCLDrFSdZSW-p2Ij-OIRTPHArXDtqDS5BgeC0zykAU_BGd0Od1botgi5aY4fIuwuPaZyvEnjUaGx"}
[6/14/2023, 4:44:38 PM][INFO] Client request: getDeviceInfo - {"serial_number":"RB23GD0001"}
[6/14/2023, 4:44:38 PM][INFO] Client request: getListRoom - {"owner_uuid":"e78227e0-135d-4780-ba2c-638e84ecb058"}
[6/14/2023, 4:47:43 PM][INFO] Client request: login - {"username":"hungnq123","password":"123456","firebase_token":"fvrGQSiaRY61SQd3lXoGzL:APA91bEZVkgQQvSDN8NVDttDpII6f3SQKBDv4sFFegTd4R8QaAFaPezrBWdybBU7hd5wQYdzcVaOXKjgtmuSKcP6drj43GwjcWKB09lHFCperWbhyP3h_aMBGQjKRoY3hcTm_wHmGwwS"}
[6/14/2023, 4:47:44 PM][INFO] Client request: getDeviceInfo - {"serial_number":"RB23GD1708"}
[6/14/2023, 4:47:44 PM][INFO] Client request: getListRoom - {"owner_uuid":"12c94f41-0c3c-4a1e-914c-212565d17695"}
[6/14/2023, 4:48:27 PM][INFO] Client request: push_notification - {"registrationToken":"dJOShBouRW2Mj6ISocM3WE:APA91bFZUzGhzdwSghMITo_Yqbj4c4YTVAjuUWRmJIiZpQFnC_LPzP3hgEslyyNMlfdj4u6g-BHc5CqpjwMtR8o6TERQUAbtY3TOcPeTt7wSA9980beJUY9RfJwGjLB8Qxkb_1bHH6W6"}
[6/14/2023, 4:49:01 PM][INFO] Client request: push_notification - {"registrationToken":"fvrGQSiaRY61SQd3lXoGzL:APA91bEZVkgQQvSDN8NVDttDpII6f3SQKBDv4sFFegTd4R8QaAFaPezrBWdybBU7hd5wQYdzcVaOXKjgtmuSKcP6drj43GwjcWKB09lHFCperWbhyP3h_aMBGQjKRoY3hcTm_wHmGwwS"}
[6/14/2023, 4:49:12 PM][INFO] Client request: push_notification - {"registrationToken":"fvrGQSiaRY61SQd3lXoGzL:APA91bEZVkgQQvSDN8NVDttDpII6f3SQKBDv4sFFegTd4R8QaAFaPezrBWdybBU7hd5wQYdzcVaOXKjgtmuSKcP6drj43GwjcWKB09lHFCperWbhyP3h_aMBGQjKRoY3hcTm_wHmGwwS"}
[6/15/2023, 9:31:35 PM][INFO] Client request - pingConnectionDevice= undefined
[6/15/2023, 9:38:43 PM][INFO] Client request - pingConnectionDevice= undefined
[6/15/2023, 9:39:58 PM][INFO] Client request - pingConnectionDevice= undefined
[6/15/2023, 9:40:47 PM][INFO] Client request - pingConnectionDevice= undefined
[6/15/2023, 9:41:19 PM][INFO] Client request - pingConnectionDevice= undefined
[6/15/2023, 9:50:33 PM][INFO] Client request - pingConnectionDevice= undefined
[6/15/2023, 9:56:11 PM][INFO] Client request - pingConnectionDevice= undefined
[6/15/2023, 9:57:07 PM][INFO] Client request - pingConnectionDevice= undefined
[6/16/2023, 12:18:48 AM][INFO] Client request - pingConnectionDevice= undefined
[6/16/2023, 12:24:54 AM][INFO] Client request - pingConnectionDevice= undefined
[6/16/2023, 12:25:42 AM][INFO] Client request - pingConnectionDevice= undefined
[6/16/2023, 12:27:20 AM][INFO] Client request - pingConnectionDevice= undefined
